c:\users\abhik\code\auxeonengine\auxeonengine\debug\vc142.pdb
c:\users\abhik\code\auxeonengine\auxeonengine\debug\vc142.idb
c:\users\abhik\code\auxeonengine\auxeonengine\debug\resourcemanager.obj
c:\users\abhik\code\auxeonengine\auxeonengine\debug\inputmanager.obj
c:\users\abhik\code\auxeonengine\auxeonengine\debug\graphicsmanager.obj
c:\users\abhik\code\auxeonengine\auxeonengine\debug\gamestatemanager.obj
c:\users\abhik\code\auxeonengine\auxeonengine\debug\frameratemanager.obj
c:\users\abhik\code\auxeonengine\auxeonengine\debug\collisionmanager.obj
c:\users\abhik\code\auxeonengine\auxeonengine\debug\vector2d.obj
c:\users\abhik\code\auxeonengine\auxeonengine\debug\gameobjectfactory.obj
c:\users\abhik\code\auxeonengine\auxeonengine\debug\gameobject.obj
c:\users\abhik\code\auxeonengine\auxeonengine\debug\component.obj
c:\users\abhik\code\auxeonengine\auxeonengine\debug\transformcomponent.obj
c:\users\abhik\code\auxeonengine\auxeonengine\debug\spritecomponent.obj
c:\users\abhik\code\auxeonengine\auxeonengine\debug\modelcomponent.obj
c:\users\abhik\code\auxeonengine\auxeonengine\debug\model3dcomponent.obj
c:\users\abhik\code\auxeonengine\auxeonengine\debug\controllercomponent.obj
c:\users\abhik\code\auxeonengine\auxeonengine\debug\collidercomponent.obj
c:\users\abhik\code\auxeonengine\auxeonengine\debug\cameracomponent.obj
c:\users\abhik\code\auxeonengine\auxeonengine\debug\glm.obj
c:\users\abhik\code\auxeonengine\auxeonengine\debug\model.obj
c:\users\abhik\code\auxeonengine\auxeonengine\debug\auxeonengine.obj
c:\users\abhik\code\auxeonengine\auxeonengine\debug\level001.obj
c:\users\abhik\code\auxeonengine\auxeonengine\debug\statemanager.obj
c:\users\abhik\code\auxeonengine\auxeonengine\debug\glad.obj
c:\users\abhik\code\auxeonengine\auxeonengine\debug\auxeonengine.pdb
c:\users\abhik\code\auxeonengine\auxeonengine\\debug\auxeonengine.pdb
c:\users\abhik\code\auxeonengine\auxeonengine\debug\auxeonengine.tlog\cl.command.1.tlog
c:\users\abhik\code\auxeonengine\auxeonengine\debug\auxeonengine.tlog\cl.read.1.tlog
c:\users\abhik\code\auxeonengine\auxeonengine\debug\auxeonengine.tlog\cl.write.1.tlog
c:\users\abhik\code\auxeonengine\auxeonengine\debug\auxeonengine.tlog\link-cvtres.read.1.tlog
c:\users\abhik\code\auxeonengine\auxeonengine\debug\auxeonengine.tlog\link-cvtres.write.1.tlog
c:\users\abhik\code\auxeonengine\auxeonengine\debug\auxeonengine.tlog\link-rc.read.1.tlog
c:\users\abhik\code\auxeonengine\auxeonengine\debug\auxeonengine.tlog\link-rc.write.1.tlog
c:\users\abhik\code\auxeonengine\auxeonengine\debug\auxeonengine.tlog\link.command.1.tlog
c:\users\abhik\code\auxeonengine\auxeonengine\debug\auxeonengine.tlog\link.read.1.tlog
c:\users\abhik\code\auxeonengine\auxeonengine\debug\auxeonengine.tlog\link.write.1.tlog
